#
# A fatal error has been detected by the Java Runtime Environment:
#
#  Internal Error (javaClasses.cpp:124), pid=4928, tid=3608
#  fatal error: Invalid layout of preloaded class
#
# JRE version:  (8.0_05-b13) (build )
# Java VM: Java HotSpot(TM) 64-Bit Server VM (25.5-b02 mixed mode windows-amd64 compressed oops)
# Failed to write core dump. Minidumps are not enabled by default on client versions of Windows
#
# If you would like to submit a bug report, please visit:
#   http://bugreport.sun.com/bugreport/crash.jsp
#

---------------  T H R E A D  ---------------

Current thread (0x0000000000b1e800):  JavaThread "Unknown thread" [_thread_in_vm, id=3608, stack(0x0000000002360000,0x0000000002460000)]

Stack: [0x0000000002360000,0x0000000002460000]
[error occurred during error reporting (printing stack bounds), id 0xc0000005]

Native frames: (J=compiled Java code, j=interpreted, Vv=VM code, C=native code)
V  [jvm.dll+0x308dea]
V  [jvm.dll+0x25def1]
V  [jvm.dll+0x25eb0f]
V  [jvm.dll+0x27e924]
C  [KERNELBASE.dll+0xde506]
C  [ntdll.dll+0xab1d4]
C  [ntdll.dll+0x8c92f]
C  [ntdll.dll+0x9d82d]
C  [ntdll.dll+0x4916b]
C  [ntdll.dll+0x9c9ee]
V  [jvm.dll+0x1fdd91]


---------------  P R O C E S S  ---------------

Java Threads: ( => current thread )

Other Threads:

=>0x0000000000b1e800 (exited) JavaThread "Unknown thread" [_thread_in_vm, id=3608, stack(0x0000000002360000,0x0000000002460000)]

VM state:not at safepoint (not fully initialized)

VM Mutex/Monitor currently owned by a thread: None

GC Heap History (0 events):
No events

Deoptimization events (0 events):
No events

Internal exceptions (0 events):
No events

Events (10 events):
Event: 0.013 loading class java/lang/CharSequence done
Event: 0.014 loading class java/lang/String done
Event: 0.014 loading class java/lang/Class
Event: 0.014 loading class java/lang/reflect/AnnotatedElement
Event: 0.014 loading class java/lang/reflect/AnnotatedElement done
Event: 0.014 loading class java/lang/reflect/GenericDeclaration
Event: 0.014 loading class java/lang/reflect/GenericDeclaration done
Event: 0.014 loading class java/lang/reflect/Type
Event: 0.014 loading class java/lang/reflect/Type done
Event: 0.014 loading class java/lang/Class done


Dynamic libraries:
0x00007ff7b8fa0000 - 0x00007ff7b8fd4000 	C:\Program Files\Java\jre8\bin\javaw.exe
0x00007ffd9e8f0000 - 0x00007ffd9ea9a000 	C:\WINDOWS\SYSTEM32\ntdll.dll
0x00007ffd9c360000 - 0x00007ffd9c49a000 	C:\WINDOWS\system32\KERNEL32.DLL
0x00007ffd9c060000 - 0x00007ffd9c170000 	C:\WINDOWS\system32\KERNELBASE.dll
0x00007ffd9a8a0000 - 0x00007ffd9a928000 	C:\WINDOWS\system32\apphelp.dll
0x00007ffd95b50000 - 0x00007ffd95b9f000 	C:\WINDOWS\AppPatch\AppPatch64\AcGenral.DLL
0x00007ffd9ccf0000 - 0x00007ffd9cd97000 	C:\WINDOWS\system32\msvcrt.dll
0x00007ffd9ba40000 - 0x00007ffd9ba6b000 	C:\WINDOWS\SYSTEM32\SspiCli.dll
0x00007ffd9ca20000 - 0x00007ffd9ca71000 	C:\WINDOWS\system32\SHLWAPI.dll
0x00007ffd9e6c0000 - 0x00007ffd9e831000 	C:\WINDOWS\system32\USER32.dll
0x00007ffd9e400000 - 0x00007ffd9e578000 	C:\WINDOWS\system32\ole32.dll
0x00007ffd9cfe0000 - 0x00007ffd9e3f7000 	C:\WINDOWS\system32\SHELL32.dll
0x00007ffd9b610000 - 0x00007ffd9b62f000 	C:\WINDOWS\SYSTEM32\USERENV.dll
0x00007ffd9c6f0000 - 0x00007ffd9c795000 	C:\WINDOWS\system32\ADVAPI32.dll
0x00007ffd90770000 - 0x00007ffd9078b000 	C:\WINDOWS\SYSTEM32\MPR.dll
0x00007ffd9cbb0000 - 0x00007ffd9cce6000 	C:\WINDOWS\system32\RPCRT4.dll
0x00007ffd9c690000 - 0x00007ffd9c6e7000 	C:\WINDOWS\SYSTEM32\sechost.dll
0x00007ffd9c4a0000 - 0x00007ffd9c676000 	C:\WINDOWS\SYSTEM32\combase.dll
0x00007ffd9c7a0000 - 0x00007ffd9c8e5000 	C:\WINDOWS\system32\GDI32.dll
0x00007ffd9bc60000 - 0x00007ffd9bc74000 	C:\WINDOWS\SYSTEM32\profapi.dll
0x00007ffd99c30000 - 0x00007ffd99ccf000 	C:\WINDOWS\SYSTEM32\SHCORE.dll
0x00007ffd9cb70000 - 0x00007ffd9cba4000 	C:\WINDOWS\system32\IMM32.DLL
0x00007ffd9e580000 - 0x00007ffd9e6b9000 	C:\WINDOWS\system32\MSCTF.dll
0x00007ffd99410000 - 0x00007ffd9966a000 	C:\WINDOWS\WinSxS\amd64_microsoft.windows.common-controls_6595b64144ccf1df_6.0.9600.17031_none_6242a4b3ecbb55a1\COMCTL32.dll
0x0000000067650000 - 0x0000000067722000 	C:\Program Files\Java\jre8\bin\msvcr100.dll
0x0000000066e20000 - 0x000000006764a000 	C:\Program Files\Java\jre8\bin\server\jvm.dll
0x00007ffd94350000 - 0x00007ffd94359000 	C:\WINDOWS\SYSTEM32\WSOCK32.dll
0x00007ffd8f940000 - 0x00007ffd8f95f000 	C:\WINDOWS\SYSTEM32\WINMM.dll
0x00007ffd9c950000 - 0x00007ffd9c957000 	C:\WINDOWS\system32\PSAPI.DLL
0x00007ffd9c8f0000 - 0x00007ffd9c948000 	C:\WINDOWS\system32\WS2_32.dll
0x00007ffd8f910000 - 0x00007ffd8f93a000 	C:\WINDOWS\SYSTEM32\WINMMBASE.dll
0x00007ffd9c680000 - 0x00007ffd9c689000 	C:\WINDOWS\system32\NSI.dll
0x00007ffd9c010000 - 0x00007ffd9c05a000 	C:\WINDOWS\SYSTEM32\cfgmgr32.dll
0x00007ffd9aaf0000 - 0x00007ffd9ab16000 	C:\WINDOWS\SYSTEM32\DEVOBJ.dll
0x0000000066e10000 - 0x0000000066e1f000 	C:\Program Files\Java\jre8\bin\verify.dll
0x0000000066de0000 - 0x0000000066e08000 	C:\Program Files\Java\jre8\bin\java.dll
0x0000000066dc0000 - 0x0000000066dd6000 	C:\Program Files\Java\jre8\bin\zip.dll
0x00007ffd90160000 - 0x00007ffd902e8000 	C:\WINDOWS\SYSTEM32\dbghelp.dll

VM Arguments:
jvm_args: -Dfile.encoding=GBK -Xbootclasspath:E:\develop\eclipse-standard-luna-R-win32-x86_64\platforms\android-20\android.jar 
java_command: com.example.tracing.paint.paintStack
java_class_path (initial): E:\tasks\手绘心晴\tracing\libs\android-support-v4.jar;E:\tasks\手绘心晴\tracing\bin\classes
Launcher Type: SUN_STANDARD

Environment Variables:
PATH=C:\WINDOWS\system32;C:\WINDOWS;C:\WINDOWS\System32\Wbem;C:\WINDOWS\System32\WindowsPowerShell\v1.0\;E:\develop\python;E:\develop\python\Scripts
USERNAME=Zane
OS=Windows_NT
PROCESSOR_IDENTIFIER=Intel64 Family 6 Model 58 Stepping 9, GenuineIntel



---------------  S Y S T E M  ---------------

OS: Windows 8.1 , 64 bit Build 9600 

CPU:total 4 (2 cores per cpu, 2 threads per core) family 6 model 58 stepping 9, cmov, cx8, fxsr, mmx, sse, sse2, sse3, ssse3, sse4.1, sse4.2, popcnt, avx, aes, clmul, erms, ht, tsc, tscinvbit

Memory: 4k page, physical 4077268k(1725620k free), swap 5643540k(2146860k free)

vm_info: Java HotSpot(TM) 64-Bit Server VM (25.5-b02) for windows-amd64 JRE (1.8.0_05-b13), built on Mar 18 2014 01:08:39 by "java_re" with MS VC++ 10.0 (VS2010)

time: Tue Jul 15 14:16:40 2014
elapsed time: 0 seconds

